Loading used-cars.json...
Processing 1000 cars (out of 1000 total)
Mode: apply
Using existing database: 98b1feaa-7ce3-4ee5-9714-03d284ac7134
Using account: e3715bd8aa0c6e455f26ccd0a2ba0919, database: 98b1feaa-7ce3-4ee5-9714-03d284ac7134
Using global API key authentication (email: i.am.sandeep.acharya@gmail.com)
Testing D1 connection...
✓ D1 connection successful
Creating D1 tables...
D1 database "used-cars-db" already exists.
D1 tables created successfully.
Found 4937 unique images to upload
Uploading 0 images (4937 cached)...
Image upload complete. Uploaded: 0, Failed: 0
Inserting cars into D1...
Inserted 100/1000 cars...
Inserted 200/1000 cars...
Inserted 300/1000 cars...
Inserted 400/1000 cars...
Inserted 500/1000 cars...
Inserted 600/1000 cars...
Inserted 700/1000 cars...
Inserted 800/1000 cars...
Inserted 900/1000 cars...
Inserted 1000/1000 cars...
Migration complete! Inserted: 1000, Failed: 0
